#! /c/Source/iverilog-install/bin/vvp
:ivl_version "12.0 (devel)" "(s20150603-1110-g18392a46)";
:ivl_delay_selection "TYPICAL";
:vpi_time_precision - 12;
:vpi_module "D:\software\iverilog\lib\ivl\system.vpi";
:vpi_module "D:\software\iverilog\lib\ivl\vhdl_sys.vpi";
:vpi_module "D:\software\iverilog\lib\ivl\vhdl_textio.vpi";
:vpi_module "D:\software\iverilog\lib\ivl\v2005_math.vpi";
:vpi_module "D:\software\iverilog\lib\ivl\va_math.vpi";
S_000002ad8f752870 .scope module, "adder" "adder" 2 24;
 .timescale -9 -12;
    .port_info 0 /INPUT 32 "data_A";
    .port_info 1 /INPUT 32 "data_B";
    .port_info 2 /INPUT 1 "ci";
    .port_info 3 /OUTPUT 32 "result";
    .port_info 4 /OUTPUT 1 "co";
    .port_info 5 /OUTPUT 1 "zero";
    .port_info 6 /OUTPUT 1 "result_sign";
    .port_info 7 /OUTPUT 1 "overflow";
L_000002ad8f753000 .functor AND 1, L_000002ad8f7d05f0, L_000002ad8f7d1770, C4<1>, C4<1>;
L_000002ad8f752b10 .functor NOT 1, L_000002ad8f7d1b30, C4<0>, C4<0>, C4<0>;
L_000002ad8f752b80 .functor AND 1, L_000002ad8f753000, L_000002ad8f752b10, C4<1>, C4<1>;
L_000002ad8f7831e0 .functor NOT 1, L_000002ad8f7d0370, C4<0>, C4<0>, C4<0>;
L_000002ad8f783690 .functor NOT 1, L_000002ad8f7d0410, C4<0>, C4<0>, C4<0>;
L_000002ad8f783930 .functor AND 1, L_000002ad8f7831e0, L_000002ad8f783690, C4<1>, C4<1>;
L_000002ad8f7837e0 .functor AND 1, L_000002ad8f783930, L_000002ad8f7d1810, C4<1>, C4<1>;
L_000002ad8f783850 .functor OR 1, L_000002ad8f752b80, L_000002ad8f7837e0, C4<0>, C4<0>;
L_000002ad8f783700 .functor NOT 1, L_000002ad8f7d0190, C4<0>, C4<0>, C4<0>;
L_000002ad8f7d1ca0 .functor BUFT 1, C4<0>, C4<0>, C4<0>, C4<0>;
v000002ad8f776a00_0 .net *"_ivl_10", 0 0, L_000002ad8f7d1ca0;  1 drivers
v000002ad8f776aa0_0 .net *"_ivl_11", 32 0, L_000002ad8f7d19f0;  1 drivers
v000002ad8f776dc0_0 .net *"_ivl_13", 32 0, L_000002ad8f7d04b0;  1 drivers
L_000002ad8f7d1ce8 .functor BUFT 1, C4<00000000000000000000000000000000>, C4<0>, C4<0>, C4<0>;
v000002ad8f7774a0_0 .net *"_ivl_16", 31 0, L_000002ad8f7d1ce8;  1 drivers
v000002ad8f777540_0 .net *"_ivl_17", 32 0, L_000002ad8f7d14f0;  1 drivers
v000002ad8f776b40_0 .net *"_ivl_20", 0 0, L_000002ad8f7d05f0;  1 drivers
v000002ad8f776be0_0 .net *"_ivl_22", 0 0, L_000002ad8f7d1770;  1 drivers
v000002ad8f776c80_0 .net *"_ivl_23", 0 0, L_000002ad8f753000;  1 drivers
v000002ad8f776e60_0 .net *"_ivl_26", 0 0, L_000002ad8f7d1b30;  1 drivers
v000002ad8f777040_0 .net *"_ivl_27", 0 0, L_000002ad8f752b10;  1 drivers
v000002ad8f7777c0_0 .net *"_ivl_29", 0 0, L_000002ad8f752b80;  1 drivers
v000002ad8f777360_0 .net *"_ivl_3", 32 0, L_000002ad8f7cfd30;  1 drivers
v000002ad8f777680_0 .net *"_ivl_32", 0 0, L_000002ad8f7d0370;  1 drivers
v000002ad8f777860_0 .net *"_ivl_33", 0 0, L_000002ad8f7831e0;  1 drivers
v000002ad8f7770e0_0 .net *"_ivl_36", 0 0, L_000002ad8f7d0410;  1 drivers
v000002ad8f777180_0 .net *"_ivl_37", 0 0, L_000002ad8f783690;  1 drivers
v000002ad8f777220_0 .net *"_ivl_39", 0 0, L_000002ad8f783930;  1 drivers
v000002ad8f7d0910_0 .net *"_ivl_42", 0 0, L_000002ad8f7d1810;  1 drivers
v000002ad8f7d1950_0 .net *"_ivl_43", 0 0, L_000002ad8f7837e0;  1 drivers
v000002ad8f7d0870_0 .net *"_ivl_48", 0 0, L_000002ad8f7d0190;  1 drivers
L_000002ad8f7d1c58 .functor BUFT 1, C4<0>, C4<0>, C4<0>, C4<0>;
v000002ad8f7d0c30_0 .net *"_ivl_6", 0 0, L_000002ad8f7d1c58;  1 drivers
v000002ad8f7d0f50_0 .net *"_ivl_7", 32 0, L_000002ad8f7d1450;  1 drivers
o000002ad8f7873f8 .functor BUFZ 1, C4<z>; HiZ drive
v000002ad8f7d1310_0 .net "ci", 0 0, o000002ad8f7873f8;  0 drivers
v000002ad8f7d0ff0_0 .net "co", 0 0, L_000002ad8f7d13b0;  1 drivers
o000002ad8f787458 .functor BUFZ 32, C4<zzzzzzzzzzzzzzzzzzzzzzzzzzzzzzzz>; HiZ drive
v000002ad8f7d0050_0 .net "data_A", 31 0, o000002ad8f787458;  0 drivers
o000002ad8f787488 .functor BUFZ 32, C4<zzzzzzzzzzzzzzzzzzzzzzzzzzzzzzzz>; HiZ drive
v000002ad8f7cfc90_0 .net "data_B", 31 0, o000002ad8f787488;  0 drivers
v000002ad8f7d07d0_0 .net "overflow", 0 0, L_000002ad8f783850;  1 drivers
v000002ad8f7d16d0_0 .net "result", 31 0, L_000002ad8f7d1630;  1 drivers
v000002ad8f7d1590_0 .net "result_sign", 0 0, L_000002ad8f7d18b0;  1 drivers
v000002ad8f7d0690_0 .net "zero", 0 0, L_000002ad8f783700;  1 drivers
L_000002ad8f7d13b0 .part L_000002ad8f7d14f0, 32, 1;
L_000002ad8f7d1630 .part L_000002ad8f7d14f0, 0, 32;
L_000002ad8f7cfd30 .concat [ 32 1 0 0], o000002ad8f787458, L_000002ad8f7d1c58;
L_000002ad8f7d1450 .concat [ 32 1 0 0], o000002ad8f787488, L_000002ad8f7d1ca0;
L_000002ad8f7d19f0 .arith/sum 33, L_000002ad8f7cfd30, L_000002ad8f7d1450;
L_000002ad8f7d04b0 .concat [ 1 32 0 0], o000002ad8f7873f8, L_000002ad8f7d1ce8;
L_000002ad8f7d14f0 .arith/sum 33, L_000002ad8f7d19f0, L_000002ad8f7d04b0;
L_000002ad8f7d05f0 .part o000002ad8f787458, 31, 1;
L_000002ad8f7d1770 .part o000002ad8f787488, 31, 1;
L_000002ad8f7d1b30 .part L_000002ad8f7d1630, 31, 1;
L_000002ad8f7d0370 .part o000002ad8f787458, 31, 1;
L_000002ad8f7d0410 .part o000002ad8f787488, 31, 1;
L_000002ad8f7d1810 .part L_000002ad8f7d1630, 31, 1;
L_000002ad8f7d0190 .reduce/or L_000002ad8f7d1630;
L_000002ad8f7d18b0 .part L_000002ad8f7d1630, 31, 1;
# The file index is used to find the file name in the following table.
:file_names 3;
    "N/A";
    "<interactive>";
    "adder.v";
