#! /c/Source/iverilog-install/bin/vvp
:ivl_version "12.0 (devel)" "(s20150603-1110-g18392a46)";
:ivl_delay_selection "TYPICAL";
:vpi_time_precision - 12;
:vpi_module "D:\software\iverilog\lib\ivl\system.vpi";
:vpi_module "D:\software\iverilog\lib\ivl\vhdl_sys.vpi";
:vpi_module "D:\software\iverilog\lib\ivl\vhdl_textio.vpi";
:vpi_module "D:\software\iverilog\lib\ivl\v2005_math.vpi";
:vpi_module "D:\software\iverilog\lib\ivl\va_math.vpi";
S_0000017f4fe546e0 .scope module, "ALU" "ALU" 2 25;
 .timescale -9 -12;
    .port_info 0 /INPUT 32 "ALU_DA";
    .port_info 1 /INPUT 32 "ALU_DB";
    .port_info 2 /INPUT 4 "ALUCLT";
    .port_info 3 /OUTPUT 1 "ALU_ZERO";
    .port_info 4 /OUTPUT 1 "ALU_OverFlow";
    .port_info 5 /OUTPUT 32 "ALU_DC";
L_0000017f4fe4d140 .functor NOT 1, L_0000017f4fecd240, C4<0>, C4<0>, C4<0>;
L_0000017f4fe4d8b0 .functor AND 1, L_0000017f4fe4d140, L_0000017f4feceaa0, C4<1>, C4<1>;
L_0000017f4fe4d760 .functor OR 1, L_0000017f4fe4d8b0, L_0000017f4fecd4c0, C4<0>, C4<0>;
L_0000017f4fe4d4c0 .functor NOT 1, L_0000017f4fecde20, C4<0>, C4<0>, C4<0>;
L_0000017f4fe4d220 .functor AND 1, L_0000017f4fe4d4c0, L_0000017f4fecea00, C4<1>, C4<1>;
L_0000017f4fe4d530 .functor NOT 1, L_0000017f4fece960, C4<0>, C4<0>, C4<0>;
L_0000017f4fe4d610 .functor NOT 1, L_0000017f4fece6e0, C4<0>, C4<0>, C4<0>;
L_0000017f4fecfc60 .functor AND 1, L_0000017f4fe4d530, L_0000017f4fe4d610, C4<1>, C4<1>;
L_0000017f4fecfcd0 .functor AND 1, L_0000017f4fecfc60, L_0000017f4fecd2e0, C4<1>, C4<1>;
L_0000017f4fecf8e0 .functor OR 1, L_0000017f4fe4d220, L_0000017f4fecfcd0, C4<0>, C4<0>;
L_0000017f4fecf250 .functor NOT 1, L_0000017f4fecdba0, C4<0>, C4<0>, C4<0>;
L_0000017f4fecf640 .functor AND 1, L_0000017f4fecf250, L_0000017f4fecd560, C4<1>, C4<1>;
L_0000017f4fecee60 .functor NOT 1, L_0000017f4fece780, C4<0>, C4<0>, C4<0>;
L_0000017f4fecfbf0 .functor AND 1, L_0000017f4fecee60, L_0000017f4feccde0, C4<1>, C4<1>;
L_0000017f4feceed0 .functor OR 1, L_0000017f4fecf640, L_0000017f4fecfbf0, C4<0>, C4<0>;
L_0000017f4fecf090 .functor NOT 1, L_0000017f4feceb40, C4<0>, C4<0>, C4<0>;
L_0000017f4fecf560 .functor XOR 1, L_0000017f4fece8c0, L_0000017f4fecf6b0, C4<0>, C4<0>;
L_0000017f4fecefb0 .functor BUFZ 1, L_0000017f4fecf6b0, C4<0>, C4<0>, C4<0>;
v0000017f4fecba60_0 .net "ADD_carry", 0 0, L_0000017f4feceb40;  1 drivers
v0000017f4fecaa20_0 .net "ADD_result", 31 0, L_0000017f4fecda60;  1 drivers
o0000017f4fe77108 .functor BUFZ 4, C4<zzzz>; HiZ drive
v0000017f4fecc460_0 .net "ALUCLT", 3 0, o0000017f4fe77108;  0 drivers
o0000017f4fe768f8 .functor BUFZ 32, C4<zzzzzzzzzzzzzzzzzzzzzzzzzzzzzzzz>; HiZ drive
v0000017f4fecbec0_0 .net "ALU_DA", 31 0, o0000017f4fe768f8;  0 drivers
o0000017f4fe76bc8 .functor BUFZ 32, C4<zzzzzzzzzzzzzzzzzzzzzzzzzzzzzzzz>; HiZ drive
v0000017f4fecaac0_0 .net "ALU_DB", 31 0, o0000017f4fe76bc8;  0 drivers
v0000017f4fecbc40_0 .var "ALU_DC", 31 0;
v0000017f4fecb060_0 .net "ALU_OverFlow", 0 0, L_0000017f4fecefb0;  1 drivers
v0000017f4fecaca0_0 .net "ALU_SHIFT", 4 0, L_0000017f4feccf20;  1 drivers
v0000017f4fecb100_0 .net "ALU_ZERO", 0 0, L_0000017f4fecf4f0;  1 drivers
v0000017f4fecc320_0 .net "Logicctr", 1 0, L_0000017f4fecd100;  1 drivers
v0000017f4feca5c0_0 .net "Op", 1 0, L_0000017f4fecd920;  1 drivers
v0000017f4fecab60_0 .net "SIGctr", 0 0, L_0000017f4fecce80;  1 drivers
v0000017f4fecbf60_0 .net "SLT_result", 31 0, L_0000017f4fecec80;  1 drivers
v0000017f4fecc3c0_0 .net "SUBctr", 0 0, L_0000017f4fe4d760;  1 drivers
v0000017f4feca660_0 .net "Shiftctr", 1 0, L_0000017f4fecd380;  1 drivers
v0000017f4fecbce0_0 .net *"_ivl_1", 0 0, L_0000017f4fecd240;  1 drivers
v0000017f4fecb7e0_0 .net *"_ivl_15", 0 0, L_0000017f4fecde20;  1 drivers
v0000017f4fecc000_0 .net *"_ivl_16", 0 0, L_0000017f4fe4d4c0;  1 drivers
v0000017f4feca700_0 .net *"_ivl_19", 0 0, L_0000017f4fecea00;  1 drivers
v0000017f4fecb420_0 .net *"_ivl_2", 0 0, L_0000017f4fe4d140;  1 drivers
v0000017f4feca7a0_0 .net *"_ivl_20", 0 0, L_0000017f4fe4d220;  1 drivers
v0000017f4fecbba0_0 .net *"_ivl_23", 0 0, L_0000017f4fece960;  1 drivers
v0000017f4fecbb00_0 .net *"_ivl_24", 0 0, L_0000017f4fe4d530;  1 drivers
v0000017f4fecafc0_0 .net *"_ivl_27", 0 0, L_0000017f4fece6e0;  1 drivers
v0000017f4fecb240_0 .net *"_ivl_28", 0 0, L_0000017f4fe4d610;  1 drivers
v0000017f4fecb880_0 .net *"_ivl_30", 0 0, L_0000017f4fecfc60;  1 drivers
v0000017f4fecc0a0_0 .net *"_ivl_33", 0 0, L_0000017f4fecd2e0;  1 drivers
v0000017f4fecb1a0_0 .net *"_ivl_34", 0 0, L_0000017f4fecfcd0;  1 drivers
v0000017f4fecac00_0 .net *"_ivl_36", 0 0, L_0000017f4fecf8e0;  1 drivers
v0000017f4fecc140_0 .net *"_ivl_42", 0 0, L_0000017f4fecdba0;  1 drivers
v0000017f4fecb560_0 .net *"_ivl_43", 0 0, L_0000017f4fecf250;  1 drivers
v0000017f4fecb920_0 .net *"_ivl_46", 0 0, L_0000017f4fecd560;  1 drivers
v0000017f4fecc1e0_0 .net *"_ivl_47", 0 0, L_0000017f4fecf640;  1 drivers
v0000017f4fecad40_0 .net *"_ivl_5", 0 0, L_0000017f4feceaa0;  1 drivers
v0000017f4fecaf20_0 .net *"_ivl_50", 0 0, L_0000017f4fece780;  1 drivers
v0000017f4feca840_0 .net *"_ivl_51", 0 0, L_0000017f4fecee60;  1 drivers
v0000017f4fecb2e0_0 .net *"_ivl_54", 0 0, L_0000017f4feccde0;  1 drivers
v0000017f4fecade0_0 .net *"_ivl_55", 0 0, L_0000017f4fecfbf0;  1 drivers
v0000017f4fecb380_0 .net *"_ivl_57", 0 0, L_0000017f4feceed0;  1 drivers
v0000017f4fecb600_0 .net *"_ivl_6", 0 0, L_0000017f4fe4d8b0;  1 drivers
L_0000017f4ff101a8 .functor BUFT 1, C4<0000000000000000000000000000000>, C4<0>, C4<0>, C4<0>;
v0000017f4feca980_0 .net/2u *"_ivl_67", 30 0, L_0000017f4ff101a8;  1 drivers
v0000017f4fecb6a0_0 .net *"_ivl_69", 0 0, L_0000017f4fecf090;  1 drivers
v0000017f4fecae80_0 .net *"_ivl_71", 31 0, L_0000017f4fece320;  1 drivers
L_0000017f4ff101f0 .functor BUFT 1, C4<0000000000000000000000000000000>, C4<0>, C4<0>, C4<0>;
v0000017f4fecbd80_0 .net/2u *"_ivl_73", 30 0, L_0000017f4ff101f0;  1 drivers
v0000017f4feca8e0_0 .net *"_ivl_75", 0 0, L_0000017f4fecf560;  1 drivers
v0000017f4fecd420_0 .net *"_ivl_77", 31 0, L_0000017f4fecebe0;  1 drivers
v0000017f4fecdd80_0 .net *"_ivl_9", 0 0, L_0000017f4fecd4c0;  1 drivers
v0000017f4fecd6a0_0 .var "logic_result", 31 0;
v0000017f4fece640_0 .net "overflow", 0 0, L_0000017f4fecf6b0;  1 drivers
v0000017f4fece140_0 .net "result_sign", 0 0, L_0000017f4fece8c0;  1 drivers
v0000017f4fecd740_0 .net "shift_result", 31 0, L_0000017f4fecd880;  1 drivers
E_0000017f4fe6cda0/0 .event anyedge, v0000017f4feca5c0_0, v0000017f4fec9b90_0, v0000017f4fecd6a0_0, v0000017f4fecbf60_0;
E_0000017f4fe6cda0/1 .event anyedge, v0000017f4fecc280_0;
E_0000017f4fe6cda0 .event/or E_0000017f4fe6cda0/0, E_0000017f4fe6cda0/1;
E_0000017f4fe6cf20 .event anyedge, v0000017f4fecc320_0, v0000017f4fec88d0_0, v0000017f4fec9ff0_0;
L_0000017f4fecd240 .part o0000017f4fe77108, 1, 1;
L_0000017f4feceaa0 .part o0000017f4fe77108, 3, 1;
L_0000017f4fecd4c0 .part o0000017f4fe77108, 1, 1;
L_0000017f4fecde20 .part o0000017f4fe77108, 1, 1;
L_0000017f4fecea00 .part o0000017f4fe77108, 0, 1;
L_0000017f4fece960 .part o0000017f4fe77108, 3, 1;
L_0000017f4fece6e0 .part o0000017f4fe77108, 2, 1;
L_0000017f4fecd2e0 .part o0000017f4fe77108, 1, 1;
L_0000017f4fecd920 .concat8 [ 1 1 0 0], L_0000017f4feceed0, L_0000017f4fecf8e0;
L_0000017f4fecdba0 .part o0000017f4fe77108, 1, 1;
L_0000017f4fecd560 .part o0000017f4fe77108, 0, 1;
L_0000017f4fece780 .part o0000017f4fe77108, 3, 1;
L_0000017f4feccde0 .part o0000017f4fe77108, 2, 1;
L_0000017f4fecd100 .part o0000017f4fe77108, 0, 2;
L_0000017f4fecd380 .part o0000017f4fe77108, 2, 2;
L_0000017f4fecce80 .part o0000017f4fe77108, 0, 1;
L_0000017f4feccf20 .part o0000017f4fe76bc8, 0, 5;
L_0000017f4fece320 .concat [ 1 31 0 0], L_0000017f4fecf090, L_0000017f4ff101a8;
L_0000017f4fecebe0 .concat [ 1 31 0 0], L_0000017f4fecf560, L_0000017f4ff101f0;
L_0000017f4fecec80 .functor MUXZ 32, L_0000017f4fecebe0, L_0000017f4fece320, L_0000017f4fecce80, C4<>;
S_0000017f4fe0d2e0 .scope module, "u_add_suber" "add_suber" 2 87, 3 24 0, S_0000017f4fe546e0;
 .timescale -9 -12;
    .port_info 0 /INPUT 32 "data_A";
    .port_info 1 /INPUT 32 "data_B";
    .port_info 2 /INPUT 1 "sub_flag";
    .port_info 3 /OUTPUT 32 "result";
    .port_info 4 /OUTPUT 1 "co";
    .port_info 5 /OUTPUT 1 "zero";
    .port_info 6 /OUTPUT 1 "result_sign";
    .port_info 7 /OUTPUT 1 "overflow";
L_0000017f4fecfa30 .functor XOR 32, o0000017f4fe76bc8, L_0000017f4fece000, C4<00000000000000000000000000000000>, C4<00000000000000000000000000000000>;
v0000017f4fec9c30_0 .net "Y", 31 0, L_0000017f4fecfa30;  1 drivers
v0000017f4feca270_0 .net *"_ivl_0", 31 0, L_0000017f4fece000;  1 drivers
v0000017f4fec9cd0_0 .net "co", 0 0, L_0000017f4feceb40;  alias, 1 drivers
v0000017f4fec9eb0_0 .net "data_A", 31 0, o0000017f4fe768f8;  alias, 0 drivers
v0000017f4fec9ff0_0 .net "data_B", 31 0, o0000017f4fe76bc8;  alias, 0 drivers
v0000017f4fec9370_0 .net "overflow", 0 0, L_0000017f4fecf6b0;  alias, 1 drivers
v0000017f4fec8970_0 .net "result", 31 0, L_0000017f4fecda60;  alias, 1 drivers
v0000017f4feca090_0 .net "result_sign", 0 0, L_0000017f4fece8c0;  alias, 1 drivers
v0000017f4fec9410_0 .net "sub_flag", 0 0, L_0000017f4fe4d760;  alias, 1 drivers
v0000017f4fec8b50_0 .net "zero", 0 0, L_0000017f4fecf4f0;  alias, 1 drivers
LS_0000017f4fece000_0_0 .concat [ 1 1 1 1], L_0000017f4fe4d760, L_0000017f4fe4d760, L_0000017f4fe4d760, L_0000017f4fe4d760;
LS_0000017f4fece000_0_4 .concat [ 1 1 1 1], L_0000017f4fe4d760, L_0000017f4fe4d760, L_0000017f4fe4d760, L_0000017f4fe4d760;
LS_0000017f4fece000_0_8 .concat [ 1 1 1 1], L_0000017f4fe4d760, L_0000017f4fe4d760, L_0000017f4fe4d760, L_0000017f4fe4d760;
LS_0000017f4fece000_0_12 .concat [ 1 1 1 1], L_0000017f4fe4d760, L_0000017f4fe4d760, L_0000017f4fe4d760, L_0000017f4fe4d760;
LS_0000017f4fece000_0_16 .concat [ 1 1 1 1], L_0000017f4fe4d760, L_0000017f4fe4d760, L_0000017f4fe4d760, L_0000017f4fe4d760;
LS_0000017f4fece000_0_20 .concat [ 1 1 1 1], L_0000017f4fe4d760, L_0000017f4fe4d760, L_0000017f4fe4d760, L_0000017f4fe4d760;
LS_0000017f4fece000_0_24 .concat [ 1 1 1 1], L_0000017f4fe4d760, L_0000017f4fe4d760, L_0000017f4fe4d760, L_0000017f4fe4d760;
LS_0000017f4fece000_0_28 .concat [ 1 1 1 1], L_0000017f4fe4d760, L_0000017f4fe4d760, L_0000017f4fe4d760, L_0000017f4fe4d760;
LS_0000017f4fece000_1_0 .concat [ 4 4 4 4], LS_0000017f4fece000_0_0, LS_0000017f4fece000_0_4, LS_0000017f4fece000_0_8, LS_0000017f4fece000_0_12;
LS_0000017f4fece000_1_4 .concat [ 4 4 4 4], LS_0000017f4fece000_0_16, LS_0000017f4fece000_0_20, LS_0000017f4fece000_0_24, LS_0000017f4fece000_0_28;
L_0000017f4fece000 .concat [ 16 16 0 0], LS_0000017f4fece000_1_0, LS_0000017f4fece000_1_4;
S_0000017f4fe0d470 .scope module, "u_adder" "adder" 3 33, 4 24 0, S_0000017f4fe0d2e0;
 .timescale -9 -12;
    .port_info 0 /INPUT 32 "data_A";
    .port_info 1 /INPUT 32 "data_B";
    .port_info 2 /INPUT 1 "ci";
    .port_info 3 /OUTPUT 32 "result";
    .port_info 4 /OUTPUT 1 "co";
    .port_info 5 /OUTPUT 1 "zero";
    .port_info 6 /OUTPUT 1 "result_sign";
    .port_info 7 /OUTPUT 1 "overflow";
L_0000017f4fecedf0 .functor AND 1, L_0000017f4fecdc40, L_0000017f4fecdce0, C4<1>, C4<1>;
L_0000017f4fecf410 .functor NOT 1, L_0000017f4fece0a0, C4<0>, C4<0>, C4<0>;
L_0000017f4fecf100 .functor AND 1, L_0000017f4fecedf0, L_0000017f4fecf410, C4<1>, C4<1>;
L_0000017f4fecfb80 .functor NOT 1, L_0000017f4fecd1a0, C4<0>, C4<0>, C4<0>;
L_0000017f4fecef40 .functor NOT 1, L_0000017f4fece500, C4<0>, C4<0>, C4<0>;
L_0000017f4fecf1e0 .functor AND 1, L_0000017f4fecfb80, L_0000017f4fecef40, C4<1>, C4<1>;
L_0000017f4fecf020 .functor AND 1, L_0000017f4fecf1e0, L_0000017f4fece820, C4<1>, C4<1>;
L_0000017f4fecf6b0 .functor OR 1, L_0000017f4fecf100, L_0000017f4fecf020, C4<0>, C4<0>;
L_0000017f4fecf4f0 .functor NOT 1, L_0000017f4fece1e0, C4<0>, C4<0>, C4<0>;
L_0000017f4ff10118 .functor BUFT 1, C4<0>, C4<0>, C4<0>, C4<0>;
v0000017f4fe52040_0 .net *"_ivl_10", 0 0, L_0000017f4ff10118;  1 drivers
v0000017f4fec90f0_0 .net *"_ivl_11", 32 0, L_0000017f4fece460;  1 drivers
v0000017f4fec8fb0_0 .net *"_ivl_13", 32 0, L_0000017f4fecd9c0;  1 drivers
L_0000017f4ff10160 .functor BUFT 1, C4<00000000000000000000000000000000>, C4<0>, C4<0>, C4<0>;
v0000017f4fec8e70_0 .net *"_ivl_16", 31 0, L_0000017f4ff10160;  1 drivers
v0000017f4fec8ab0_0 .net *"_ivl_17", 32 0, L_0000017f4fecdb00;  1 drivers
v0000017f4feca310_0 .net *"_ivl_20", 0 0, L_0000017f4fecdc40;  1 drivers
v0000017f4fec9230_0 .net *"_ivl_22", 0 0, L_0000017f4fecdce0;  1 drivers
v0000017f4fec9f50_0 .net *"_ivl_23", 0 0, L_0000017f4fecedf0;  1 drivers
v0000017f4fec8830_0 .net *"_ivl_26", 0 0, L_0000017f4fece0a0;  1 drivers
v0000017f4fec9910_0 .net *"_ivl_27", 0 0, L_0000017f4fecf410;  1 drivers
v0000017f4fec8f10_0 .net *"_ivl_29", 0 0, L_0000017f4fecf100;  1 drivers
v0000017f4fec8a10_0 .net *"_ivl_3", 32 0, L_0000017f4fecd7e0;  1 drivers
v0000017f4fec99b0_0 .net *"_ivl_32", 0 0, L_0000017f4fecd1a0;  1 drivers
v0000017f4fec8d30_0 .net *"_ivl_33", 0 0, L_0000017f4fecfb80;  1 drivers
v0000017f4fec9730_0 .net *"_ivl_36", 0 0, L_0000017f4fece500;  1 drivers
v0000017f4feca3b0_0 .net *"_ivl_37", 0 0, L_0000017f4fecef40;  1 drivers
v0000017f4fec9e10_0 .net *"_ivl_39", 0 0, L_0000017f4fecf1e0;  1 drivers
v0000017f4fec85b0_0 .net *"_ivl_42", 0 0, L_0000017f4fece820;  1 drivers
v0000017f4fec9a50_0 .net *"_ivl_43", 0 0, L_0000017f4fecf020;  1 drivers
v0000017f4fec9af0_0 .net *"_ivl_48", 0 0, L_0000017f4fece1e0;  1 drivers
L_0000017f4ff100d0 .functor BUFT 1, C4<0>, C4<0>, C4<0>, C4<0>;
v0000017f4feca450_0 .net *"_ivl_6", 0 0, L_0000017f4ff100d0;  1 drivers
v0000017f4feca130_0 .net *"_ivl_7", 32 0, L_0000017f4fece5a0;  1 drivers
v0000017f4fec9d70_0 .net "ci", 0 0, L_0000017f4fe4d760;  alias, 1 drivers
v0000017f4fec9050_0 .net "co", 0 0, L_0000017f4feceb40;  alias, 1 drivers
v0000017f4fec88d0_0 .net "data_A", 31 0, o0000017f4fe768f8;  alias, 0 drivers
v0000017f4fec9190_0 .net "data_B", 31 0, L_0000017f4fecfa30;  alias, 1 drivers
v0000017f4fec8650_0 .net "overflow", 0 0, L_0000017f4fecf6b0;  alias, 1 drivers
v0000017f4fec9b90_0 .net "result", 31 0, L_0000017f4fecda60;  alias, 1 drivers
v0000017f4fec86f0_0 .net "result_sign", 0 0, L_0000017f4fece8c0;  alias, 1 drivers
v0000017f4fec92d0_0 .net "zero", 0 0, L_0000017f4fecf4f0;  alias, 1 drivers
L_0000017f4feceb40 .part L_0000017f4fecdb00, 32, 1;
L_0000017f4fecda60 .part L_0000017f4fecdb00, 0, 32;
L_0000017f4fecd7e0 .concat [ 32 1 0 0], o0000017f4fe768f8, L_0000017f4ff100d0;
L_0000017f4fece5a0 .concat [ 32 1 0 0], L_0000017f4fecfa30, L_0000017f4ff10118;
L_0000017f4fece460 .arith/sum 33, L_0000017f4fecd7e0, L_0000017f4fece5a0;
L_0000017f4fecd9c0 .concat [ 1 32 0 0], L_0000017f4fe4d760, L_0000017f4ff10160;
L_0000017f4fecdb00 .arith/sum 33, L_0000017f4fece460, L_0000017f4fecd9c0;
L_0000017f4fecdc40 .part o0000017f4fe768f8, 31, 1;
L_0000017f4fecdce0 .part L_0000017f4fecfa30, 31, 1;
L_0000017f4fece0a0 .part L_0000017f4fecda60, 31, 1;
L_0000017f4fecd1a0 .part o0000017f4fe768f8, 31, 1;
L_0000017f4fece500 .part L_0000017f4fecfa30, 31, 1;
L_0000017f4fece820 .part L_0000017f4fecda60, 31, 1;
L_0000017f4fece1e0 .reduce/or L_0000017f4fecda60;
L_0000017f4fece8c0 .part L_0000017f4fecda60, 31, 1;
S_0000017f4fe58fd0 .scope module, "u_shifter" "shifter" 2 75, 5 24 0, S_0000017f4fe546e0;
 .timescale -9 -12;
    .port_info 0 /INPUT 32 "Indata";
    .port_info 1 /INPUT 5 "SHIFT_NUM";
    .port_info 2 /INPUT 2 "Shiftctr";
    .port_info 3 /OUTPUT 32 "shift_result";
L_0000017f4fecfb10 .functor NOT 32, L_0000017f4fece3c0, C4<00000000000000000000000000000000>, C4<00000000000000000000000000000000>, C4<00000000000000000000000000000000>;
L_0000017f4fecf2c0 .functor OR 32, L_0000017f4fecfb10, L_0000017f4feccfc0, C4<00000000000000000000000000000000>, C4<00000000000000000000000000000000>;
L_0000017f4fecf5d0 .functor AND 1, L_0000017f4fecd060, L_0000017f4fece280, C4<1>, C4<1>;
L_0000017f4fecf9c0 .functor NOT 1, L_0000017f4fecd600, C4<0>, C4<0>, C4<0>;
v0000017f4feca1d0_0 .net "A_right", 31 0, L_0000017f4fecf2c0;  1 drivers
v0000017f4fec8790_0 .net "Indata", 31 0, o0000017f4fe768f8;  alias, 0 drivers
v0000017f4fec8bf0_0 .net "SHIFT_NUM", 4 0, L_0000017f4feccf20;  alias, 1 drivers
v0000017f4fec8c90_0 .net "Shiftctr", 1 0, L_0000017f4fecd380;  alias, 1 drivers
v0000017f4fec94b0_0 .net *"_ivl_13", 0 0, L_0000017f4fecd060;  1 drivers
v0000017f4fec9550_0 .net *"_ivl_15", 0 0, L_0000017f4fece280;  1 drivers
v0000017f4fec8dd0_0 .net *"_ivl_16", 0 0, L_0000017f4fecf5d0;  1 drivers
v0000017f4fec95f0_0 .net *"_ivl_19", 0 0, L_0000017f4fecd600;  1 drivers
v0000017f4fec9690_0 .net *"_ivl_20", 0 0, L_0000017f4fecf9c0;  1 drivers
v0000017f4fec97d0_0 .net *"_ivl_22", 31 0, L_0000017f4fecdf60;  1 drivers
L_0000017f4ff10088 .functor BUFT 1, C4<11111111111111111111111111111111>, C4<0>, C4<0>, C4<0>;
v0000017f4fec9870_0 .net/2u *"_ivl_4", 31 0, L_0000017f4ff10088;  1 drivers
v0000017f4fecb9c0_0 .net *"_ivl_6", 31 0, L_0000017f4fece3c0;  1 drivers
v0000017f4fecb740_0 .net *"_ivl_8", 31 0, L_0000017f4fecfb10;  1 drivers
v0000017f4fecb4c0_0 .net "left", 31 0, L_0000017f4fecdec0;  1 drivers
v0000017f4fecbe20_0 .net "right", 31 0, L_0000017f4feccfc0;  1 drivers
v0000017f4fecc280_0 .net "shift_result", 31 0, L_0000017f4fecd880;  alias, 1 drivers
L_0000017f4fecdec0 .shift/l 32, o0000017f4fe768f8, L_0000017f4feccf20;
L_0000017f4feccfc0 .shift/r 32, o0000017f4fe768f8, L_0000017f4feccf20;
L_0000017f4fece3c0 .shift/r 32, L_0000017f4ff10088, L_0000017f4feccf20;
L_0000017f4fecd060 .part L_0000017f4fecd380, 1, 1;
L_0000017f4fece280 .part o0000017f4fe768f8, 31, 1;
L_0000017f4fecd600 .part L_0000017f4fecd380, 0, 1;
L_0000017f4fecdf60 .functor MUXZ 32, L_0000017f4feccfc0, L_0000017f4fecdec0, L_0000017f4fecf9c0, C4<>;
L_0000017f4fecd880 .functor MUXZ 32, L_0000017f4fecdf60, L_0000017f4fecf2c0, L_0000017f4fecf5d0, C4<>;
    .scope S_0000017f4fe546e0;
T_0 ;
    %wait E_0000017f4fe6cf20;
    %load/vec4 v0000017f4fecc320_0;
    %dup/vec4;
    %pushi/vec4 0, 0, 2;
    %cmp/u;
    %jmp/1 T_0.0, 6;
    %dup/vec4;
    %pushi/vec4 2, 0, 2;
    %cmp/u;
    %jmp/1 T_0.1, 6;
    %dup/vec4;
    %pushi/vec4 3, 0, 2;
    %cmp/u;
    %jmp/1 T_0.2, 6;
    %pushi/vec4 4294967295, 4294967295, 32;
    %store/vec4 v0000017f4fecd6a0_0, 0, 32;
    %jmp T_0.4;
T_0.0 ;
    %load/vec4 v0000017f4fecbec0_0;
    %load/vec4 v0000017f4fecaac0_0;
    %xor;
    %store/vec4 v0000017f4fecd6a0_0, 0, 32;
    %jmp T_0.4;
T_0.1 ;
    %load/vec4 v0000017f4fecbec0_0;
    %load/vec4 v0000017f4fecaac0_0;
    %or;
    %store/vec4 v0000017f4fecd6a0_0, 0, 32;
    %jmp T_0.4;
T_0.2 ;
    %load/vec4 v0000017f4fecbec0_0;
    %load/vec4 v0000017f4fecaac0_0;
    %and;
    %store/vec4 v0000017f4fecd6a0_0, 0, 32;
    %jmp T_0.4;
T_0.4 ;
    %pop/vec4 1;
    %jmp T_0;
    .thread T_0, $push;
    .scope S_0000017f4fe546e0;
T_1 ;
    %wait E_0000017f4fe6cda0;
    %load/vec4 v0000017f4feca5c0_0;
    %dup/vec4;
    %pushi/vec4 0, 0, 2;
    %cmp/u;
    %jmp/1 T_1.0, 6;
    %dup/vec4;
    %pushi/vec4 1, 0, 2;
    %cmp/u;
    %jmp/1 T_1.1, 6;
    %dup/vec4;
    %pushi/vec4 2, 0, 2;
    %cmp/u;
    %jmp/1 T_1.2, 6;
    %dup/vec4;
    %pushi/vec4 3, 0, 2;
    %cmp/u;
    %jmp/1 T_1.3, 6;
    %pushi/vec4 0, 0, 32;
    %store/vec4 v0000017f4fecbc40_0, 0, 32;
    %jmp T_1.5;
T_1.0 ;
    %load/vec4 v0000017f4fecaa20_0;
    %store/vec4 v0000017f4fecbc40_0, 0, 32;
    %jmp T_1.5;
T_1.1 ;
    %load/vec4 v0000017f4fecd6a0_0;
    %store/vec4 v0000017f4fecbc40_0, 0, 32;
    %jmp T_1.5;
T_1.2 ;
    %load/vec4 v0000017f4fecbf60_0;
    %store/vec4 v0000017f4fecbc40_0, 0, 32;
    %jmp T_1.5;
T_1.3 ;
    %load/vec4 v0000017f4fecd740_0;
    %store/vec4 v0000017f4fecbc40_0, 0, 32;
    %jmp T_1.5;
T_1.5 ;
    %pop/vec4 1;
    %jmp T_1;
    .thread T_1, $push;
# The file index is used to find the file name in the following table.
:file_names 6;
    "N/A";
    "<interactive>";
    "ALU.v";
    "./add_suber.v";
    "./adder.v";
    "./shifter.v";
