#! /c/Source/iverilog-install/bin/vvp
:ivl_version "12.0 (devel)" "(s20150603-1110-g18392a46)";
:ivl_delay_selection "TYPICAL";
:vpi_time_precision - 12;
:vpi_module "D:\software\iverilog\lib\ivl\system.vpi";
:vpi_module "D:\software\iverilog\lib\ivl\vhdl_sys.vpi";
:vpi_module "D:\software\iverilog\lib\ivl\vhdl_textio.vpi";
:vpi_module "D:\software\iverilog\lib\ivl\v2005_math.vpi";
:vpi_module "D:\software\iverilog\lib\ivl\va_math.vpi";
S_0000021f70934540 .scope module, "decode" "decode" 2 24;
 .timescale -9 -12;
    .port_info 0 /INPUT 32 "instr";
    .port_info 1 /OUTPUT 5 "opcode";
    .port_info 2 /OUTPUT 3 "func3";
    .port_info 3 /OUTPUT 1 "func7";
    .port_info 4 /OUTPUT 5 "Rs1";
    .port_info 5 /OUTPUT 5 "Rs2";
    .port_info 6 /OUTPUT 5 "Rd";
    .port_info 7 /OUTPUT 32 "imme";
L_0000021f7093a3a0 .functor OR 1, L_0000021f70998c70, L_0000021f70998b30, C4<0>, C4<0>;
L_0000021f709e52d0 .functor OR 1, L_0000021f7093a3a0, L_0000021f7099bb10, C4<0>, C4<0>;
L_0000021f709e5490 .functor OR 1, L_0000021f7099bf70, L_0000021f7099aad0, C4<0>, C4<0>;
v0000021f7092c8f0_0 .net "B_imme", 31 0, L_0000021f7099b110;  1 drivers
v0000021f7092c170_0 .net "B_type", 0 0, L_0000021f7099b250;  1 drivers
v0000021f7092cd50_0 .net "I_imme", 31 0, L_0000021f7099b070;  1 drivers
v0000021f7092c2b0_0 .net "I_type", 0 0, L_0000021f709e52d0;  1 drivers
v0000021f7092c350_0 .net "J_imme", 31 0, L_0000021f7099ae90;  1 drivers
v0000021f7092d570_0 .net "J_type", 0 0, L_0000021f7099c6f0;  1 drivers
v0000021f7092c5d0_0 .net "Rd", 4 0, L_0000021f70998f90;  1 drivers
v0000021f7092d110_0 .net "Rs1", 4 0, L_0000021f709988b0;  1 drivers
v0000021f7092c990_0 .net "Rs2", 4 0, L_0000021f70998950;  1 drivers
v0000021f7092c670_0 .net "S_imme", 31 0, L_0000021f7099b2f0;  1 drivers
v0000021f7092cc10_0 .net "S_type", 0 0, L_0000021f7099bbb0;  1 drivers
v0000021f7092ccb0_0 .net "U_imme", 31 0, L_0000021f7099ac10;  1 drivers
v0000021f7092d9d0_0 .net "U_type", 0 0, L_0000021f709e5490;  1 drivers
v0000021f7092cdf0_0 .net *"_ivl_101", 5 0, L_0000021f7099bcf0;  1 drivers
v0000021f7092ce90_0 .net *"_ivl_103", 3 0, L_0000021f7099afd0;  1 drivers
L_0000021f7099cd68 .functor BUFT 1, C4<0>, C4<0>, C4<0>, C4<0>;
v0000021f7092cfd0_0 .net/2u *"_ivl_104", 0 0, L_0000021f7099cd68;  1 drivers
v0000021f7092d070_0 .net *"_ivl_109", 0 0, L_0000021f7099bd90;  1 drivers
v0000021f7092d1b0_0 .net *"_ivl_110", 19 0, L_0000021f7099c330;  1 drivers
v0000021f7092d250_0 .net *"_ivl_113", 6 0, L_0000021f7099b1b0;  1 drivers
v0000021f7092d2f0_0 .net *"_ivl_115", 4 0, L_0000021f7099bed0;  1 drivers
L_0000021f7099cdb0 .functor BUFT 1, C4<00000000000000000000000000000000>, C4<0>, C4<0>, C4<0>;
v0000021f7092d4d0_0 .net/2u *"_ivl_118", 31 0, L_0000021f7099cdb0;  1 drivers
v0000021f7092d430_0 .net *"_ivl_120", 31 0, L_0000021f7099b390;  1 drivers
v0000021f7092d610_0 .net *"_ivl_122", 31 0, L_0000021f7099b430;  1 drivers
v0000021f7092d390_0 .net *"_ivl_124", 31 0, L_0000021f7099c790;  1 drivers
v0000021f7092d6b0_0 .net *"_ivl_126", 31 0, L_0000021f7099b7f0;  1 drivers
v0000021f7092d890_0 .net *"_ivl_13", 4 0, L_0000021f709989f0;  1 drivers
L_0000021f7099ca98 .functor BUFT 1, C4<11001>, C4<0>, C4<0>, C4<0>;
v0000021f7092d930_0 .net/2u *"_ivl_14", 4 0, L_0000021f7099ca98;  1 drivers
v0000021f70999350_0 .net *"_ivl_16", 0 0, L_0000021f70998c70;  1 drivers
v0000021f70999e90_0 .net *"_ivl_19", 4 0, L_0000021f70998a90;  1 drivers
L_0000021f7099cae0 .functor BUFT 1, C4<00000>, C4<0>, C4<0>, C4<0>;
v0000021f70998e50_0 .net/2u *"_ivl_20", 4 0, L_0000021f7099cae0;  1 drivers
v0000021f709998f0_0 .net *"_ivl_22", 0 0, L_0000021f70998b30;  1 drivers
v0000021f70998590_0 .net *"_ivl_24", 0 0, L_0000021f7093a3a0;  1 drivers
v0000021f70999850_0 .net *"_ivl_27", 4 0, L_0000021f70998d10;  1 drivers
L_0000021f7099cb28 .functor BUFT 1, C4<00100>, C4<0>, C4<0>, C4<0>;
v0000021f70999f30_0 .net/2u *"_ivl_28", 4 0, L_0000021f7099cb28;  1 drivers
v0000021f70999170_0 .net *"_ivl_30", 0 0, L_0000021f7099bb10;  1 drivers
v0000021f70999530_0 .net *"_ivl_35", 4 0, L_0000021f7099c650;  1 drivers
L_0000021f7099cb70 .functor BUFT 1, C4<01101>, C4<0>, C4<0>, C4<0>;
v0000021f70999c10_0 .net/2u *"_ivl_36", 4 0, L_0000021f7099cb70;  1 drivers
v0000021f70999210_0 .net *"_ivl_38", 0 0, L_0000021f7099bf70;  1 drivers
v0000021f70999cb0_0 .net *"_ivl_41", 4 0, L_0000021f7099c0b0;  1 drivers
L_0000021f7099cbb8 .functor BUFT 1, C4<00101>, C4<0>, C4<0>, C4<0>;
v0000021f709993f0_0 .net/2u *"_ivl_42", 4 0, L_0000021f7099cbb8;  1 drivers
v0000021f70998630_0 .net *"_ivl_44", 0 0, L_0000021f7099aad0;  1 drivers
v0000021f70999a30_0 .net *"_ivl_49", 4 0, L_0000021f7099ab70;  1 drivers
L_0000021f7099cc00 .functor BUFT 1, C4<11011>, C4<0>, C4<0>, C4<0>;
v0000021f70999ad0_0 .net/2u *"_ivl_50", 4 0, L_0000021f7099cc00;  1 drivers
v0000021f70998090_0 .net *"_ivl_55", 4 0, L_0000021f7099af30;  1 drivers
L_0000021f7099cc48 .functor BUFT 1, C4<11000>, C4<0>, C4<0>, C4<0>;
v0000021f70998ef0_0 .net/2u *"_ivl_56", 4 0, L_0000021f7099cc48;  1 drivers
v0000021f70999670_0 .net *"_ivl_61", 4 0, L_0000021f7099ad50;  1 drivers
L_0000021f7099cc90 .functor BUFT 1, C4<01000>, C4<0>, C4<0>, C4<0>;
v0000021f70998270_0 .net/2u *"_ivl_62", 4 0, L_0000021f7099cc90;  1 drivers
v0000021f709990d0_0 .net *"_ivl_67", 0 0, L_0000021f7099b570;  1 drivers
v0000021f709992b0_0 .net *"_ivl_68", 19 0, L_0000021f7099c510;  1 drivers
v0000021f70999b70_0 .net *"_ivl_71", 11 0, L_0000021f7099c5b0;  1 drivers
v0000021f70999d50_0 .net *"_ivl_75", 19 0, L_0000021f7099bc50;  1 drivers
L_0000021f7099ccd8 .functor BUFT 1, C4<000000000000>, C4<0>, C4<0>, C4<0>;
v0000021f70999490_0 .net/2u *"_ivl_76", 11 0, L_0000021f7099ccd8;  1 drivers
v0000021f70998810_0 .net *"_ivl_81", 0 0, L_0000021f7099c3d0;  1 drivers
v0000021f70999030_0 .net *"_ivl_82", 11 0, L_0000021f7099acb0;  1 drivers
v0000021f70999990_0 .net *"_ivl_85", 7 0, L_0000021f7099adf0;  1 drivers
v0000021f70998130_0 .net *"_ivl_87", 0 0, L_0000021f7099c8d0;  1 drivers
v0000021f70998bd0_0 .net *"_ivl_89", 9 0, L_0000021f7099be30;  1 drivers
L_0000021f7099cd20 .functor BUFT 1, C4<0>, C4<0>, C4<0>, C4<0>;
v0000021f709986d0_0 .net/2u *"_ivl_90", 0 0, L_0000021f7099cd20;  1 drivers
v0000021f709981d0_0 .net *"_ivl_95", 0 0, L_0000021f7099c970;  1 drivers
v0000021f70999df0_0 .net *"_ivl_96", 19 0, L_0000021f7099b4d0;  1 drivers
v0000021f709995d0_0 .net *"_ivl_99", 0 0, L_0000021f7099b9d0;  1 drivers
v0000021f70998310_0 .net "func3", 2 0, L_0000021f709997b0;  1 drivers
v0000021f70998450_0 .net "func7", 0 0, L_0000021f70998db0;  1 drivers
v0000021f709983b0_0 .net "imme", 31 0, L_0000021f7099b610;  1 drivers
o0000021f70941b98 .functor BUFZ 32, C4<zzzzzzzzzzzzzzzzzzzzzzzzzzzzzzzz>; HiZ drive
v0000021f709984f0_0 .net "instr", 31 0, o0000021f70941b98;  0 drivers
v0000021f70998770_0 .net "opcode", 4 0, L_0000021f70999710;  1 drivers
L_0000021f70999710 .part o0000021f70941b98, 2, 5;
L_0000021f709997b0 .part o0000021f70941b98, 12, 3;
L_0000021f70998db0 .part o0000021f70941b98, 30, 1;
L_0000021f709988b0 .part o0000021f70941b98, 15, 5;
L_0000021f70998950 .part o0000021f70941b98, 20, 5;
L_0000021f70998f90 .part o0000021f70941b98, 7, 5;
L_0000021f709989f0 .part o0000021f70941b98, 2, 5;
L_0000021f70998c70 .cmp/eq 5, L_0000021f709989f0, L_0000021f7099ca98;
L_0000021f70998a90 .part o0000021f70941b98, 2, 5;
L_0000021f70998b30 .cmp/eq 5, L_0000021f70998a90, L_0000021f7099cae0;
L_0000021f70998d10 .part o0000021f70941b98, 2, 5;
L_0000021f7099bb10 .cmp/eq 5, L_0000021f70998d10, L_0000021f7099cb28;
L_0000021f7099c650 .part o0000021f70941b98, 2, 5;
L_0000021f7099bf70 .cmp/eq 5, L_0000021f7099c650, L_0000021f7099cb70;
L_0000021f7099c0b0 .part o0000021f70941b98, 2, 5;
L_0000021f7099aad0 .cmp/eq 5, L_0000021f7099c0b0, L_0000021f7099cbb8;
L_0000021f7099ab70 .part o0000021f70941b98, 2, 5;
L_0000021f7099c6f0 .cmp/eq 5, L_0000021f7099ab70, L_0000021f7099cc00;
L_0000021f7099af30 .part o0000021f70941b98, 2, 5;
L_0000021f7099b250 .cmp/eq 5, L_0000021f7099af30, L_0000021f7099cc48;
L_0000021f7099ad50 .part o0000021f70941b98, 2, 5;
L_0000021f7099bbb0 .cmp/eq 5, L_0000021f7099ad50, L_0000021f7099cc90;
L_0000021f7099b570 .part o0000021f70941b98, 31, 1;
LS_0000021f7099c510_0_0 .concat [ 1 1 1 1], L_0000021f7099b570, L_0000021f7099b570, L_0000021f7099b570, L_0000021f7099b570;
LS_0000021f7099c510_0_4 .concat [ 1 1 1 1], L_0000021f7099b570, L_0000021f7099b570, L_0000021f7099b570, L_0000021f7099b570;
LS_0000021f7099c510_0_8 .concat [ 1 1 1 1], L_0000021f7099b570, L_0000021f7099b570, L_0000021f7099b570, L_0000021f7099b570;
LS_0000021f7099c510_0_12 .concat [ 1 1 1 1], L_0000021f7099b570, L_0000021f7099b570, L_0000021f7099b570, L_0000021f7099b570;
LS_0000021f7099c510_0_16 .concat [ 1 1 1 1], L_0000021f7099b570, L_0000021f7099b570, L_0000021f7099b570, L_0000021f7099b570;
LS_0000021f7099c510_1_0 .concat [ 4 4 4 4], LS_0000021f7099c510_0_0, LS_0000021f7099c510_0_4, LS_0000021f7099c510_0_8, LS_0000021f7099c510_0_12;
LS_0000021f7099c510_1_4 .concat [ 4 0 0 0], LS_0000021f7099c510_0_16;
L_0000021f7099c510 .concat [ 16 4 0 0], LS_0000021f7099c510_1_0, LS_0000021f7099c510_1_4;
L_0000021f7099c5b0 .part o0000021f70941b98, 20, 12;
L_0000021f7099b070 .concat [ 12 20 0 0], L_0000021f7099c5b0, L_0000021f7099c510;
L_0000021f7099bc50 .part o0000021f70941b98, 12, 20;
L_0000021f7099ac10 .concat [ 12 20 0 0], L_0000021f7099ccd8, L_0000021f7099bc50;
L_0000021f7099c3d0 .part o0000021f70941b98, 31, 1;
LS_0000021f7099acb0_0_0 .concat [ 1 1 1 1], L_0000021f7099c3d0, L_0000021f7099c3d0, L_0000021f7099c3d0, L_0000021f7099c3d0;
LS_0000021f7099acb0_0_4 .concat [ 1 1 1 1], L_0000021f7099c3d0, L_0000021f7099c3d0, L_0000021f7099c3d0, L_0000021f7099c3d0;
LS_0000021f7099acb0_0_8 .concat [ 1 1 1 1], L_0000021f7099c3d0, L_0000021f7099c3d0, L_0000021f7099c3d0, L_0000021f7099c3d0;
L_0000021f7099acb0 .concat [ 4 4 4 0], LS_0000021f7099acb0_0_0, LS_0000021f7099acb0_0_4, LS_0000021f7099acb0_0_8;
L_0000021f7099adf0 .part o0000021f70941b98, 12, 8;
L_0000021f7099c8d0 .part o0000021f70941b98, 20, 1;
L_0000021f7099be30 .part o0000021f70941b98, 21, 10;
LS_0000021f7099ae90_0_0 .concat [ 1 10 1 8], L_0000021f7099cd20, L_0000021f7099be30, L_0000021f7099c8d0, L_0000021f7099adf0;
LS_0000021f7099ae90_0_4 .concat [ 12 0 0 0], L_0000021f7099acb0;
L_0000021f7099ae90 .concat [ 20 12 0 0], LS_0000021f7099ae90_0_0, LS_0000021f7099ae90_0_4;
L_0000021f7099c970 .part o0000021f70941b98, 31, 1;
LS_0000021f7099b4d0_0_0 .concat [ 1 1 1 1], L_0000021f7099c970, L_0000021f7099c970, L_0000021f7099c970, L_0000021f7099c970;
LS_0000021f7099b4d0_0_4 .concat [ 1 1 1 1], L_0000021f7099c970, L_0000021f7099c970, L_0000021f7099c970, L_0000021f7099c970;
LS_0000021f7099b4d0_0_8 .concat [ 1 1 1 1], L_0000021f7099c970, L_0000021f7099c970, L_0000021f7099c970, L_0000021f7099c970;
LS_0000021f7099b4d0_0_12 .concat [ 1 1 1 1], L_0000021f7099c970, L_0000021f7099c970, L_0000021f7099c970, L_0000021f7099c970;
LS_0000021f7099b4d0_0_16 .concat [ 1 1 1 1], L_0000021f7099c970, L_0000021f7099c970, L_0000021f7099c970, L_0000021f7099c970;
LS_0000021f7099b4d0_1_0 .concat [ 4 4 4 4], LS_0000021f7099b4d0_0_0, LS_0000021f7099b4d0_0_4, LS_0000021f7099b4d0_0_8, LS_0000021f7099b4d0_0_12;
LS_0000021f7099b4d0_1_4 .concat [ 4 0 0 0], LS_0000021f7099b4d0_0_16;
L_0000021f7099b4d0 .concat [ 16 4 0 0], LS_0000021f7099b4d0_1_0, LS_0000021f7099b4d0_1_4;
L_0000021f7099b9d0 .part o0000021f70941b98, 7, 1;
L_0000021f7099bcf0 .part o0000021f70941b98, 25, 6;
L_0000021f7099afd0 .part o0000021f70941b98, 8, 4;
LS_0000021f7099b110_0_0 .concat [ 1 4 6 1], L_0000021f7099cd68, L_0000021f7099afd0, L_0000021f7099bcf0, L_0000021f7099b9d0;
LS_0000021f7099b110_0_4 .concat [ 20 0 0 0], L_0000021f7099b4d0;
L_0000021f7099b110 .concat [ 12 20 0 0], LS_0000021f7099b110_0_0, LS_0000021f7099b110_0_4;
L_0000021f7099bd90 .part o0000021f70941b98, 31, 1;
LS_0000021f7099c330_0_0 .concat [ 1 1 1 1], L_0000021f7099bd90, L_0000021f7099bd90, L_0000021f7099bd90, L_0000021f7099bd90;
LS_0000021f7099c330_0_4 .concat [ 1 1 1 1], L_0000021f7099bd90, L_0000021f7099bd90, L_0000021f7099bd90, L_0000021f7099bd90;
LS_0000021f7099c330_0_8 .concat [ 1 1 1 1], L_0000021f7099bd90, L_0000021f7099bd90, L_0000021f7099bd90, L_0000021f7099bd90;
LS_0000021f7099c330_0_12 .concat [ 1 1 1 1], L_0000021f7099bd90, L_0000021f7099bd90, L_0000021f7099bd90, L_0000021f7099bd90;
LS_0000021f7099c330_0_16 .concat [ 1 1 1 1], L_0000021f7099bd90, L_0000021f7099bd90, L_0000021f7099bd90, L_0000021f7099bd90;
LS_0000021f7099c330_1_0 .concat [ 4 4 4 4], LS_0000021f7099c330_0_0, LS_0000021f7099c330_0_4, LS_0000021f7099c330_0_8, LS_0000021f7099c330_0_12;
LS_0000021f7099c330_1_4 .concat [ 4 0 0 0], LS_0000021f7099c330_0_16;
L_0000021f7099c330 .concat [ 16 4 0 0], LS_0000021f7099c330_1_0, LS_0000021f7099c330_1_4;
L_0000021f7099b1b0 .part o0000021f70941b98, 25, 7;
L_0000021f7099bed0 .part o0000021f70941b98, 7, 5;
L_0000021f7099b2f0 .concat [ 5 7 20 0], L_0000021f7099bed0, L_0000021f7099b1b0, L_0000021f7099c330;
L_0000021f7099b390 .functor MUXZ 32, L_0000021f7099cdb0, L_0000021f7099b2f0, L_0000021f7099bbb0, C4<>;
L_0000021f7099b430 .functor MUXZ 32, L_0000021f7099b390, L_0000021f7099b110, L_0000021f7099b250, C4<>;
L_0000021f7099c790 .functor MUXZ 32, L_0000021f7099b430, L_0000021f7099ae90, L_0000021f7099c6f0, C4<>;
L_0000021f7099b7f0 .functor MUXZ 32, L_0000021f7099c790, L_0000021f7099ac10, L_0000021f709e5490, C4<>;
L_0000021f7099b610 .functor MUXZ 32, L_0000021f7099b7f0, L_0000021f7099b070, L_0000021f709e52d0, C4<>;
# The file index is used to find the file name in the following table.
:file_names 3;
    "N/A";
    "<interactive>";
    "decode.v";
