#! /c/Source/iverilog-install/bin/vvp
:ivl_version "12.0 (devel)" "(s20150603-1110-g18392a46)";
:ivl_delay_selection "TYPICAL";
:vpi_time_precision - 12;
:vpi_module "D:\software\iverilog\lib\ivl\system.vpi";
:vpi_module "D:\software\iverilog\lib\ivl\vhdl_sys.vpi";
:vpi_module "D:\software\iverilog\lib\ivl\vhdl_textio.vpi";
:vpi_module "D:\software\iverilog\lib\ivl\v2005_math.vpi";
:vpi_module "D:\software\iverilog\lib\ivl\va_math.vpi";
S_000001bdab3542d0 .scope module, "tb_ID_EX_regs" "tb_ID_EX_regs" 2 4;
 .timescale -9 -12;
P_000001bdab347440 .param/l "PERIOD" 0 2 7, +C4<00000000000000000000000000001010>;
v000001bdab3cd080_0 .var "clear", 0 0;
v000001bdab3cc180_0 .var "clk", 0 0;
v000001bdab3cd8a0_0 .var "in_AUIPC_instr", 0 0;
v000001bdab3cc720_0 .var "in_B_type", 0 0;
v000001bdab3cc900_0 .var "in_I_type", 0 0;
v000001bdab3cc040_0 .var "in_JALR_instr", 0 0;
v000001bdab3cca40_0 .var "in_JAL_instr", 0 0;
v000001bdab3cd6c0_0 .var "in_LUI_instr", 0 0;
v000001bdab3cd300_0 .var "in_L_type", 0 0;
v000001bdab3cbe60_0 .var "in_PC_add_4", 31 0;
v000001bdab3cc680_0 .var "in_PC_add_imme", 31 0;
v000001bdab3cc220_0 .var "in_R_type", 0 0;
v000001bdab3cbf00_0 .var "in_Rd", 4 0;
v000001bdab3cbc80_0 .var "in_Rd_data1", 31 0;
v000001bdab3cc9a0_0 .var "in_Rd_data2", 31 0;
v000001bdab3cc2c0_0 .var "in_S_type", 0 0;
v000001bdab3ccea0_0 .net "in_allow", 0 0, L_000001bdab36fb10;  1 drivers
v000001bdab3ccf40_0 .var "in_func3", 2 0;
v000001bdab3cc7c0_0 .var "in_func7", 0 0;
v000001bdab3cd620_0 .var "in_imme", 31 0;
v000001bdab3cc860_0 .net "out_AUIPC_instr", 0 0, v000001bdab3cac20_0;  1 drivers
v000001bdab3cd9e0_0 .net "out_B_type", 0 0, v000001bdab3caae0_0;  1 drivers
v000001bdab3cd4e0_0 .net "out_I_type", 0 0, v000001bdab3ca9a0_0;  1 drivers
v000001bdab3cd760_0 .net "out_JALR_instr", 0 0, v000001bdab3cb260_0;  1 drivers
v000001bdab3cbd20_0 .net "out_JAL_instr", 0 0, v000001bdab3cb300_0;  1 drivers
v000001bdab3cbdc0_0 .net "out_LUI_instr", 0 0, v000001bdab3caf40_0;  1 drivers
v000001bdab3cd800_0 .net "out_L_type", 0 0, v000001bdab3cad60_0;  1 drivers
v000001bdab3cda80_0 .net "out_PC_add_4", 31 0, v000001bdab3cae00_0;  1 drivers
v000001bdab3ccc20_0 .net "out_PC_add_imme", 31 0, v000001bdab3ca4a0_0;  1 drivers
v000001bdab3cd120_0 .net "out_R_type", 0 0, v000001bdab3cb080_0;  1 drivers
v000001bdab3cd940_0 .net "out_Rd", 4 0, v000001bdab3cb120_0;  1 drivers
v000001bdab3ccae0_0 .net "out_Rd_data1", 31 0, v000001bdab3ca7c0_0;  1 drivers
v000001bdab3cbbe0_0 .net "out_Rd_data2", 31 0, v000001bdab3caa40_0;  1 drivers
v000001bdab3cbfa0_0 .net "out_S_type", 0 0, v000001bdab3cc400_0;  1 drivers
v000001bdab3cc360_0 .var "out_allow", 0 0;
v000001bdab3cc4a0_0 .net "out_func3", 2 0, v000001bdab3cccc0_0;  1 drivers
v000001bdab3cd260_0 .net "out_func7", 0 0, v000001bdab3ccfe0_0;  1 drivers
v000001bdab3cc0e0_0 .net "out_imme", 31 0, v000001bdab3cd580_0;  1 drivers
v000001bdab3ccb80_0 .var "pipe_ready_go", 0 0;
v000001bdab3cc540_0 .var "rst_n", 0 0;
v000001bdab3d0450_0 .var "validin", 0 0;
v000001bdab3cff50_0 .net "validout", 0 0, L_000001bdab36f870;  1 drivers
S_000001bdab3673a0 .scope module, "u_ID_EX_regs" "ID_EX_regs" 2 67, 3 2 0, S_000001bdab3542d0;
 .timescale -9 -12;
    .port_info 0 /INPUT 1 "clk";
    .port_info 1 /INPUT 1 "rst_n";
    .port_info 2 /INPUT 1 "validin";
    .port_info 3 /INPUT 1 "pipe_ready_go";
    .port_info 4 /INPUT 1 "out_allow";
    .port_info 5 /INPUT 1 "clear";
    .port_info 6 /INPUT 32 "in_PC_add_4";
    .port_info 7 /INPUT 32 "in_PC_add_imme";
    .port_info 8 /INPUT 3 "in_func3";
    .port_info 9 /INPUT 32 "in_imme";
    .port_info 10 /INPUT 5 "in_Rd";
    .port_info 11 /INPUT 1 "in_func7";
    .port_info 12 /INPUT 1 "in_I_type";
    .port_info 13 /INPUT 1 "in_L_type";
    .port_info 14 /INPUT 1 "in_S_type";
    .port_info 15 /INPUT 1 "in_R_type";
    .port_info 16 /INPUT 1 "in_JAL_instr";
    .port_info 17 /INPUT 1 "in_JALR_instr";
    .port_info 18 /INPUT 1 "in_LUI_instr";
    .port_info 19 /INPUT 1 "in_AUIPC_instr";
    .port_info 20 /INPUT 1 "in_B_type";
    .port_info 21 /INPUT 32 "in_Rd_data1";
    .port_info 22 /INPUT 32 "in_Rd_data2";
    .port_info 23 /OUTPUT 1 "in_allow";
    .port_info 24 /OUTPUT 1 "validout";
    .port_info 25 /OUTPUT 32 "out_PC_add_4";
    .port_info 26 /OUTPUT 32 "out_PC_add_imme";
    .port_info 27 /OUTPUT 5 "out_Rd";
    .port_info 28 /OUTPUT 32 "out_Rd_data1";
    .port_info 29 /OUTPUT 32 "out_Rd_data2";
    .port_info 30 /OUTPUT 32 "out_imme";
    .port_info 31 /OUTPUT 3 "out_func3";
    .port_info 32 /OUTPUT 1 "out_func7";
    .port_info 33 /OUTPUT 1 "out_I_type";
    .port_info 34 /OUTPUT 1 "out_L_type";
    .port_info 35 /OUTPUT 1 "out_S_type";
    .port_info 36 /OUTPUT 1 "out_R_type";
    .port_info 37 /OUTPUT 1 "out_JAL_instr";
    .port_info 38 /OUTPUT 1 "out_JALR_instr";
    .port_info 39 /OUTPUT 1 "out_LUI_instr";
    .port_info 40 /OUTPUT 1 "out_AUIPC_instr";
    .port_info 41 /OUTPUT 1 "out_B_type";
L_000001bdab36ff70 .functor AND 1, v000001bdab3ccb80_0, v000001bdab3cc360_0, C4<1>, C4<1>;
L_000001bdab36fb10 .functor OR 1, L_000001bdab3d0770, L_000001bdab36ff70, C4<0>, C4<0>;
L_000001bdab36f870 .functor AND 1, v000001bdab3cd1c0_0, v000001bdab3ccb80_0, C4<1>, C4<1>;
v000001bdab427260_0 .net *"_ivl_1", 0 0, L_000001bdab3d0770;  1 drivers
v000001bdab426f90_0 .net *"_ivl_3", 0 0, L_000001bdab36ff70;  1 drivers
v000001bdab353fb0_0 .net "clear", 0 0, v000001bdab3cd080_0;  1 drivers
v000001bdab42bd50_0 .net "clk", 0 0, v000001bdab3cc180_0;  1 drivers
v000001bdab42bdf0_0 .net "in_AUIPC_instr", 0 0, v000001bdab3cd8a0_0;  1 drivers
v000001bdab354460_0 .net "in_B_type", 0 0, v000001bdab3cc720_0;  1 drivers
v000001bdab354500_0 .net "in_I_type", 0 0, v000001bdab3cc900_0;  1 drivers
v000001bdab3ca270_0 .net "in_JALR_instr", 0 0, v000001bdab3cc040_0;  1 drivers
v000001bdab3ca310_0 .net "in_JAL_instr", 0 0, v000001bdab3cca40_0;  1 drivers
v000001bdab3ca3b0_0 .net "in_LUI_instr", 0 0, v000001bdab3cd6c0_0;  1 drivers
v000001bdab3ca540_0 .net "in_L_type", 0 0, v000001bdab3cd300_0;  1 drivers
v000001bdab3cafe0_0 .net "in_PC_add_4", 31 0, v000001bdab3cbe60_0;  1 drivers
v000001bdab3cacc0_0 .net "in_PC_add_imme", 31 0, v000001bdab3cc680_0;  1 drivers
v000001bdab3ca720_0 .net "in_R_type", 0 0, v000001bdab3cc220_0;  1 drivers
v000001bdab3ca860_0 .net "in_Rd", 4 0, v000001bdab3cbf00_0;  1 drivers
v000001bdab3caea0_0 .net "in_Rd_data1", 31 0, v000001bdab3cbc80_0;  1 drivers
v000001bdab3cab80_0 .net "in_Rd_data2", 31 0, v000001bdab3cc9a0_0;  1 drivers
v000001bdab3ca5e0_0 .net "in_S_type", 0 0, v000001bdab3cc2c0_0;  1 drivers
v000001bdab3cb1c0_0 .net "in_allow", 0 0, L_000001bdab36fb10;  alias, 1 drivers
v000001bdab3ca900_0 .net "in_func3", 2 0, v000001bdab3ccf40_0;  1 drivers
v000001bdab3ca680_0 .net "in_func7", 0 0, v000001bdab3cc7c0_0;  1 drivers
v000001bdab3cb3a0_0 .net "in_imme", 31 0, v000001bdab3cd620_0;  1 drivers
v000001bdab3cac20_0 .var "out_AUIPC_instr", 0 0;
v000001bdab3caae0_0 .var "out_B_type", 0 0;
v000001bdab3ca9a0_0 .var "out_I_type", 0 0;
v000001bdab3cb260_0 .var "out_JALR_instr", 0 0;
v000001bdab3cb300_0 .var "out_JAL_instr", 0 0;
v000001bdab3caf40_0 .var "out_LUI_instr", 0 0;
v000001bdab3cad60_0 .var "out_L_type", 0 0;
v000001bdab3cae00_0 .var "out_PC_add_4", 31 0;
v000001bdab3ca4a0_0 .var "out_PC_add_imme", 31 0;
v000001bdab3cb080_0 .var "out_R_type", 0 0;
v000001bdab3cb120_0 .var "out_Rd", 4 0;
v000001bdab3ca7c0_0 .var "out_Rd_data1", 31 0;
v000001bdab3caa40_0 .var "out_Rd_data2", 31 0;
v000001bdab3cc400_0 .var "out_S_type", 0 0;
v000001bdab3ccd60_0 .net "out_allow", 0 0, v000001bdab3cc360_0;  1 drivers
v000001bdab3cccc0_0 .var "out_func3", 2 0;
v000001bdab3ccfe0_0 .var "out_func7", 0 0;
v000001bdab3cd580_0 .var "out_imme", 31 0;
v000001bdab3cd3a0_0 .net "pipe_ready_go", 0 0, v000001bdab3ccb80_0;  1 drivers
v000001bdab3cd1c0_0 .var "pipe_valid", 0 0;
v000001bdab3cd440_0 .net "rst_n", 0 0, v000001bdab3cc540_0;  1 drivers
v000001bdab3cc5e0_0 .net "validin", 0 0, v000001bdab3d0450_0;  1 drivers
v000001bdab3cce00_0 .net "validout", 0 0, L_000001bdab36f870;  alias, 1 drivers
E_000001bdab347000 .event posedge, v000001bdab42bd50_0;
L_000001bdab3d0770 .reduce/nor v000001bdab3cd1c0_0;
    .scope S_000001bdab3673a0;
T_0 ;
    %wait E_000001bdab347000;
    %load/vec4 v000001bdab3cd440_0;
    %nor/r;
    %flag_set/vec4 8;
    %jmp/0xz  T_0.0, 8;
    %pushi/vec4 0, 0, 1;
    %assign/vec4 v000001bdab3cd1c0_0, 0;
    %pushi/vec4 0, 0, 32;
    %assign/vec4 v000001bdab3cae00_0, 0;
    %pushi/vec4 0, 0, 32;
    %assign/vec4 v000001bdab3ca4a0_0, 0;
    %pushi/vec4 0, 0, 3;
    %assign/vec4 v000001bdab3cccc0_0, 0;
    %pushi/vec4 0, 0, 32;
    %assign/vec4 v000001bdab3cd580_0, 0;
    %pushi/vec4 0, 0, 5;
    %assign/vec4 v000001bdab3cb120_0, 0;
    %pushi/vec4 0, 0, 1;
    %assign/vec4 v000001bdab3ccfe0_0, 0;
    %pushi/vec4 0, 0, 1;
    %assign/vec4 v000001bdab3ca9a0_0, 0;
    %pushi/vec4 0, 0, 1;
    %assign/vec4 v000001bdab3cad60_0, 0;
    %pushi/vec4 0, 0, 1;
    %assign/vec4 v000001bdab3cc400_0, 0;
    %pushi/vec4 0, 0, 1;
    %assign/vec4 v000001bdab3cb080_0, 0;
    %pushi/vec4 0, 0, 1;
    %assign/vec4 v000001bdab3cb300_0, 0;
    %pushi/vec4 0, 0, 1;
    %assign/vec4 v000001bdab3cb260_0, 0;
    %pushi/vec4 0, 0, 1;
    %assign/vec4 v000001bdab3caf40_0, 0;
    %pushi/vec4 0, 0, 1;
    %assign/vec4 v000001bdab3cac20_0, 0;
    %pushi/vec4 0, 0, 1;
    %assign/vec4 v000001bdab3caae0_0, 0;
    %pushi/vec4 0, 0, 32;
    %assign/vec4 v000001bdab3ca7c0_0, 0;
    %pushi/vec4 0, 0, 32;
    %assign/vec4 v000001bdab3caa40_0, 0;
    %jmp T_0.1;
T_0.0 ;
    %load/vec4 v000001bdab353fb0_0;
    %flag_set/vec4 8;
    %jmp/0xz  T_0.2, 8;
    %pushi/vec4 0, 0, 32;
    %assign/vec4 v000001bdab3cae00_0, 0;
    %pushi/vec4 0, 0, 32;
    %assign/vec4 v000001bdab3ca4a0_0, 0;
    %pushi/vec4 0, 0, 3;
    %assign/vec4 v000001bdab3cccc0_0, 0;
    %pushi/vec4 0, 0, 32;
    %assign/vec4 v000001bdab3cd580_0, 0;
    %pushi/vec4 0, 0, 5;
    %assign/vec4 v000001bdab3cb120_0, 0;
    %pushi/vec4 0, 0, 1;
    %assign/vec4 v000001bdab3ccfe0_0, 0;
    %pushi/vec4 0, 0, 1;
    %assign/vec4 v000001bdab3ca9a0_0, 0;
    %pushi/vec4 0, 0, 1;
    %assign/vec4 v000001bdab3cad60_0, 0;
    %pushi/vec4 0, 0, 1;
    %assign/vec4 v000001bdab3cc400_0, 0;
    %pushi/vec4 0, 0, 1;
    %assign/vec4 v000001bdab3cb080_0, 0;
    %pushi/vec4 0, 0, 1;
    %assign/vec4 v000001bdab3cb300_0, 0;
    %pushi/vec4 0, 0, 1;
    %assign/vec4 v000001bdab3cb260_0, 0;
    %pushi/vec4 0, 0, 1;
    %assign/vec4 v000001bdab3caf40_0, 0;
    %pushi/vec4 0, 0, 1;
    %assign/vec4 v000001bdab3cac20_0, 0;
    %pushi/vec4 0, 0, 1;
    %assign/vec4 v000001bdab3caae0_0, 0;
    %pushi/vec4 0, 0, 32;
    %assign/vec4 v000001bdab3ca7c0_0, 0;
    %pushi/vec4 0, 0, 32;
    %assign/vec4 v000001bdab3caa40_0, 0;
    %jmp T_0.3;
T_0.2 ;
    %load/vec4 v000001bdab3cb1c0_0;
    %flag_set/vec4 8;
    %jmp/0xz  T_0.4, 8;
    %load/vec4 v000001bdab3cc5e0_0;
    %assign/vec4 v000001bdab3cd1c0_0, 0;
T_0.4 ;
T_0.3 ;
T_0.1 ;
    %load/vec4 v000001bdab3cc5e0_0;
    %load/vec4 v000001bdab3cb1c0_0;
    %and;
    %flag_set/vec4 8;
    %jmp/0xz  T_0.6, 8;
    %load/vec4 v000001bdab3cafe0_0;
    %assign/vec4 v000001bdab3cae00_0, 0;
    %load/vec4 v000001bdab3cacc0_0;
    %assign/vec4 v000001bdab3ca4a0_0, 0;
    %load/vec4 v000001bdab3ca900_0;
    %assign/vec4 v000001bdab3cccc0_0, 0;
    %load/vec4 v000001bdab3cb3a0_0;
    %assign/vec4 v000001bdab3cd580_0, 0;
    %load/vec4 v000001bdab3ca860_0;
    %assign/vec4 v000001bdab3cb120_0, 0;
    %load/vec4 v000001bdab3ca680_0;
    %assign/vec4 v000001bdab3ccfe0_0, 0;
    %load/vec4 v000001bdab354500_0;
    %assign/vec4 v000001bdab3ca9a0_0, 0;
    %load/vec4 v000001bdab3ca540_0;
    %assign/vec4 v000001bdab3cad60_0, 0;
    %load/vec4 v000001bdab3ca5e0_0;
    %assign/vec4 v000001bdab3cc400_0, 0;
    %load/vec4 v000001bdab3ca720_0;
    %assign/vec4 v000001bdab3cb080_0, 0;
    %load/vec4 v000001bdab3ca310_0;
    %assign/vec4 v000001bdab3cb300_0, 0;
    %load/vec4 v000001bdab3ca270_0;
    %assign/vec4 v000001bdab3cb260_0, 0;
    %load/vec4 v000001bdab3ca3b0_0;
    %assign/vec4 v000001bdab3caf40_0, 0;
    %load/vec4 v000001bdab42bdf0_0;
    %assign/vec4 v000001bdab3cac20_0, 0;
    %load/vec4 v000001bdab354460_0;
    %assign/vec4 v000001bdab3caae0_0, 0;
    %load/vec4 v000001bdab3caea0_0;
    %assign/vec4 v000001bdab3ca7c0_0, 0;
    %load/vec4 v000001bdab3cab80_0;
    %assign/vec4 v000001bdab3caa40_0, 0;
T_0.6 ;
    %jmp T_0;
    .thread T_0;
    .scope S_000001bdab3542d0;
T_1 ;
    %pushi/vec4 0, 0, 1;
    %store/vec4 v000001bdab3cc180_0, 0, 1;
    %pushi/vec4 0, 0, 1;
    %store/vec4 v000001bdab3cc540_0, 0, 1;
    %pushi/vec4 0, 0, 1;
    %store/vec4 v000001bdab3d0450_0, 0, 1;
    %pushi/vec4 0, 0, 1;
    %store/vec4 v000001bdab3ccb80_0, 0, 1;
    %pushi/vec4 0, 0, 1;
    %store/vec4 v000001bdab3cc360_0, 0, 1;
    %pushi/vec4 0, 0, 1;
    %store/vec4 v000001bdab3cd080_0, 0, 1;
    %pushi/vec4 0, 0, 32;
    %store/vec4 v000001bdab3cbe60_0, 0, 32;
    %pushi/vec4 0, 0, 32;
    %store/vec4 v000001bdab3cc680_0, 0, 32;
    %pushi/vec4 0, 0, 3;
    %store/vec4 v000001bdab3ccf40_0, 0, 3;
    %pushi/vec4 0, 0, 32;
    %store/vec4 v000001bdab3cd620_0, 0, 32;
    %pushi/vec4 0, 0, 5;
    %store/vec4 v000001bdab3cbf00_0, 0, 5;
    %pushi/vec4 0, 0, 1;
    %store/vec4 v000001bdab3cc7c0_0, 0, 1;
    %pushi/vec4 0, 0, 1;
    %store/vec4 v000001bdab3cc900_0, 0, 1;
    %pushi/vec4 0, 0, 1;
    %store/vec4 v000001bdab3cd300_0, 0, 1;
    %pushi/vec4 0, 0, 1;
    %store/vec4 v000001bdab3cc2c0_0, 0, 1;
    %pushi/vec4 0, 0, 1;
    %store/vec4 v000001bdab3cc220_0, 0, 1;
    %pushi/vec4 0, 0, 1;
    %store/vec4 v000001bdab3cca40_0, 0, 1;
    %pushi/vec4 0, 0, 1;
    %store/vec4 v000001bdab3cc040_0, 0, 1;
    %pushi/vec4 0, 0, 1;
    %store/vec4 v000001bdab3cd6c0_0, 0, 1;
    %pushi/vec4 0, 0, 1;
    %store/vec4 v000001bdab3cd8a0_0, 0, 1;
    %pushi/vec4 0, 0, 1;
    %store/vec4 v000001bdab3cc720_0, 0, 1;
    %pushi/vec4 0, 0, 32;
    %store/vec4 v000001bdab3cbc80_0, 0, 32;
    %pushi/vec4 0, 0, 32;
    %store/vec4 v000001bdab3cc9a0_0, 0, 32;
    %end;
    .thread T_1;
    .scope S_000001bdab3542d0;
T_2 ;
T_2.0 ;
    %delay 5000, 0;
    %load/vec4 v000001bdab3cc180_0;
    %inv;
    %store/vec4 v000001bdab3cc180_0, 0, 1;
    %jmp T_2.0;
    %end;
    .thread T_2;
    .scope S_000001bdab3542d0;
T_3 ;
    %delay 20000, 0;
    %pushi/vec4 1, 0, 1;
    %store/vec4 v000001bdab3cc540_0, 0, 1;
    %end;
    .thread T_3;
    .scope S_000001bdab3542d0;
T_4 ;
    %vpi_call 2 115 "$dumpfile", "ID_EX_regs.vcd" {0 0 0};
    %vpi_call 2 116 "$dumpvars" {0 0 0};
    %delay 20000, 0;
    %pushi/vec4 1, 0, 1;
    %store/vec4 v000001bdab3d0450_0, 0, 1;
    %pushi/vec4 1, 0, 1;
    %store/vec4 v000001bdab3cc360_0, 0, 1;
    %pushi/vec4 1, 0, 1;
    %store/vec4 v000001bdab3cd080_0, 0, 1;
    %delay 10000, 0;
    %pushi/vec4 1, 1, 1;
    %store/vec4 v000001bdab3cd080_0, 0, 1;
    %delay 10000, 0;
    %vpi_call 2 125 "$finish" {0 0 0};
    %end;
    .thread T_4;
# The file index is used to find the file name in the following table.
:file_names 4;
    "N/A";
    "<interactive>";
    "tb_ID_EX_regs.v";
    "./ID_EX_regs.v";
