#! /c/Source/iverilog-install/bin/vvp
:ivl_version "12.0 (devel)" "(s20150603-1110-g18392a46)";
:ivl_delay_selection "TYPICAL";
:vpi_time_precision - 12;
:vpi_module "D:\software\iverilog\lib\ivl\system.vpi";
:vpi_module "D:\software\iverilog\lib\ivl\vhdl_sys.vpi";
:vpi_module "D:\software\iverilog\lib\ivl\vhdl_textio.vpi";
:vpi_module "D:\software\iverilog\lib\ivl\v2005_math.vpi";
:vpi_module "D:\software\iverilog\lib\ivl\va_math.vpi";
S_00000276c4e78110 .scope module, "tb_IFU" "tb_IFU" 2 3;
 .timescale -9 -12;
P_00000276c4e64b90 .param/l "PERIOD" 0 2 6, +C4<00000000000000000000000000001010>;
v00000276c4e727e0_0 .net "PC_add_4", 31 0, L_00000276c4e73140;  1 drivers
v00000276c4e72a60_0 .var "PC_next", 31 0;
v00000276c4e72740_0 .net "PC_now", 31 0, v00000276c4f56bd0_0;  1 drivers
v00000276c4e72880_0 .var "clk", 0 0;
v00000276c4e72ba0_0 .net "instr_addr", 7 0, L_00000276c4e72ce0;  1 drivers
v00000276c4e72e20_0 .var "jump_flag", 0 0;
v00000276c4e72f60_0 .var "pc_en", 0 0;
v00000276c4e73000_0 .var "rst_n", 0 0;
S_00000276c4e782a0 .scope module, "u_IFU" "IFU" 2 32, 3 4 0, S_00000276c4e78110;
 .timescale -9 -12;
    .port_info 0 /INPUT 1 "clk";
    .port_info 1 /INPUT 1 "rst_n";
    .port_info 2 /INPUT 1 "jump_flag";
    .port_info 3 /INPUT 1 "pc_en";
    .port_info 4 /INPUT 32 "PC_next";
    .port_info 5 /OUTPUT 8 "instr_addr";
    .port_info 6 /OUTPUT 32 "PC_add_4";
    .port_info 7 /OUTPUT 32 "PC_now";
v00000276c4f56d10_0 .net "PC_add_4", 31 0, L_00000276c4e73140;  alias, 1 drivers
v00000276c4f56db0_0 .net "PC_next", 31 0, v00000276c4e72a60_0;  1 drivers
v00000276c4f56e50_0 .net "PC_now", 31 0, v00000276c4f56bd0_0;  alias, 1 drivers
L_00000276c4ecb038 .functor BUFT 1, C4<00000000000000000000000000000100>, C4<0>, C4<0>, C4<0>;
v00000276c4f56ef0_0 .net/2u *"_ivl_4", 31 0, L_00000276c4ecb038;  1 drivers
v00000276c4f56f90_0 .net "clk", 0 0, v00000276c4e72880_0;  1 drivers
v00000276c4e729c0_0 .net "instr_addr", 7 0, L_00000276c4e72ce0;  alias, 1 drivers
v00000276c4e73500_0 .net "jump_flag", 0 0, v00000276c4e72e20_0;  1 drivers
v00000276c4e72d80_0 .net "pc_en", 0 0, v00000276c4e72f60_0;  1 drivers
v00000276c4e72b00_0 .net "pc_new", 31 0, L_00000276c4e730a0;  1 drivers
v00000276c4e72ec0_0 .net "rst_n", 0 0, v00000276c4e73000_0;  1 drivers
L_00000276c4e730a0 .functor MUXZ 32, L_00000276c4e73140, v00000276c4e72a60_0, v00000276c4e72e20_0, C4<>;
L_00000276c4e72ce0 .part v00000276c4f56bd0_0, 2, 8;
L_00000276c4e73140 .arith/sum 32, v00000276c4f56bd0_0, L_00000276c4ecb038;
S_00000276c4e78430 .scope module, "u_PC_reg" "PC_reg" 3 17, 4 24 0, S_00000276c4e782a0;
 .timescale -9 -12;
    .port_info 0 /INPUT 1 "clk";
    .port_info 1 /INPUT 1 "rst_n";
    .port_info 2 /INPUT 1 "pc_en";
    .port_info 3 /INPUT 32 "pc_new";
    .port_info 4 /OUTPUT 32 "pc_out";
v00000276c4f57280_0 .net "clk", 0 0, v00000276c4e72880_0;  alias, 1 drivers
v00000276c4e76410_0 .net "pc_en", 0 0, v00000276c4e72f60_0;  alias, 1 drivers
v00000276c4f5bca0_0 .net "pc_new", 31 0, L_00000276c4e730a0;  alias, 1 drivers
v00000276c4f56bd0_0 .var "pc_out", 31 0;
v00000276c4f56c70_0 .net "rst_n", 0 0, v00000276c4e73000_0;  alias, 1 drivers
E_00000276c4e65350 .event posedge, v00000276c4f57280_0;
    .scope S_00000276c4e78430;
T_0 ;
    %wait E_00000276c4e65350;
    %load/vec4 v00000276c4f56c70_0;
    %nor/r;
    %flag_set/vec4 8;
    %jmp/0xz  T_0.0, 8;
    %pushi/vec4 0, 0, 32;
    %assign/vec4 v00000276c4f56bd0_0, 0;
    %jmp T_0.1;
T_0.0 ;
    %load/vec4 v00000276c4e76410_0;
    %flag_set/vec4 8;
    %jmp/0xz  T_0.2, 8;
    %load/vec4 v00000276c4f5bca0_0;
    %assign/vec4 v00000276c4f56bd0_0, 0;
    %jmp T_0.3;
T_0.2 ;
    %load/vec4 v00000276c4f56bd0_0;
    %assign/vec4 v00000276c4f56bd0_0, 0;
T_0.3 ;
T_0.1 ;
    %jmp T_0;
    .thread T_0;
    .scope S_00000276c4e78110;
T_1 ;
    %pushi/vec4 0, 0, 1;
    %store/vec4 v00000276c4e72880_0, 0, 1;
    %pushi/vec4 0, 0, 1;
    %store/vec4 v00000276c4e73000_0, 0, 1;
    %pushi/vec4 0, 0, 1;
    %store/vec4 v00000276c4e72e20_0, 0, 1;
    %pushi/vec4 0, 0, 1;
    %store/vec4 v00000276c4e72f60_0, 0, 1;
    %pushi/vec4 0, 0, 32;
    %store/vec4 v00000276c4e72a60_0, 0, 32;
    %end;
    .thread T_1;
    .scope S_00000276c4e78110;
T_2 ;
T_2.0 ;
    %delay 5000, 0;
    %load/vec4 v00000276c4e72880_0;
    %inv;
    %store/vec4 v00000276c4e72880_0, 0, 1;
    %jmp T_2.0;
    %end;
    .thread T_2;
    .scope S_00000276c4e78110;
T_3 ;
    %delay 20000, 0;
    %pushi/vec4 1, 0, 1;
    %store/vec4 v00000276c4e73000_0, 0, 1;
    %end;
    .thread T_3;
    .scope S_00000276c4e78110;
T_4 ;
    %vpi_call 2 46 "$dumpfile", "IFU.vcd" {0 0 0};
    %vpi_call 2 47 "$dumpvars" {0 0 0};
    %pushi/vec4 1, 0, 1;
    %store/vec4 v00000276c4e72e20_0, 0, 1;
    %vpi_call 2 49 "$finish" {0 0 0};
    %end;
    .thread T_4;
# The file index is used to find the file name in the following table.
:file_names 5;
    "N/A";
    "<interactive>";
    "tb_IFU.v";
    "./IFU.v";
    "./PC_reg.v";
