#! /c/Source/iverilog-install/bin/vvp
:ivl_version "12.0 (devel)" "(s20150603-1110-g18392a46)";
:ivl_delay_selection "TYPICAL";
:vpi_time_precision - 12;
:vpi_module "D:\software\iverilog\lib\ivl\system.vpi";
:vpi_module "D:\software\iverilog\lib\ivl\vhdl_sys.vpi";
:vpi_module "D:\software\iverilog\lib\ivl\vhdl_textio.vpi";
:vpi_module "D:\software\iverilog\lib\ivl\v2005_math.vpi";
:vpi_module "D:\software\iverilog\lib\ivl\va_math.vpi";
S_000001b7f42dbc50 .scope module, "tb_counter" "tb_counter" 2 3;
 .timescale -9 -12;
P_000001b7f42db970 .param/l "PERIOD" 0 2 6, +C4<00000000000000000000000000001010>;
P_000001b7f42db9a8 .param/l "cnt_max" 0 2 7, +C4<00000000000000000000000000100000>;
P_000001b7f42db9e0 .param/l "cnt_width" 0 2 8, +C4<00000000000000000000000000000101>;
v000001b7f42d6fc0_0 .var "clk", 0 0;
v000001b7f42d7060_0 .var "cnt_add", 0 0;
v000001b7f41a3e10_0 .net "cnt_end", 0 0, L_000001b7f41ec600;  1 drivers
v000001b7f41a3eb0_0 .var "rst_n", 0 0;
S_000001b7f42dbde0 .scope module, "u_counter" "counter" 2 32, 3 1 0, S_000001b7f42dbc50;
 .timescale -9 -12;
    .port_info 0 /INPUT 1 "clk";
    .port_info 1 /INPUT 1 "rst_n";
    .port_info 2 /INPUT 1 "cnt_add";
    .port_info 3 /OUTPUT 1 "cnt_end";
P_000001b7f42d72d0 .param/l "cnt_max" 0 3 2, +C4<00000000000000000000000000100000>;
P_000001b7f42d7308 .param/l "cnt_width" 0 3 2, +C4<00000000000000000000000000000101>;
v000001b7f42d73d0_0 .net *"_ivl_0", 31 0, L_000001b7f41ec7e0;  1 drivers
L_000001b7f41ed838 .functor BUFT 1, C4<000000000000000000000000000>, C4<0>, C4<0>, C4<0>;
v000001b7f42dba20_0 .net *"_ivl_3", 26 0, L_000001b7f41ed838;  1 drivers
L_000001b7f41ed880 .functor BUFT 1, C4<00000000000000000000000000000110>, C4<0>, C4<0>, C4<0>;
v000001b7f42dd1e0_0 .net/2u *"_ivl_4", 31 0, L_000001b7f41ed880;  1 drivers
v000001b7f42d6ca0_0 .net "clk", 0 0, v000001b7f42d6fc0_0;  1 drivers
v000001b7f42d6d40_0 .var "cnt", 4 0;
v000001b7f42d6de0_0 .net "cnt_add", 0 0, v000001b7f42d7060_0;  1 drivers
v000001b7f42d6e80_0 .net "cnt_end", 0 0, L_000001b7f41ec600;  alias, 1 drivers
v000001b7f42d6f20_0 .net "rst_n", 0 0, v000001b7f41a3eb0_0;  1 drivers
E_000001b7f41a8b30/0 .event negedge, v000001b7f42d6f20_0;
E_000001b7f41a8b30/1 .event posedge, v000001b7f42d6ca0_0;
E_000001b7f41a8b30 .event/or E_000001b7f41a8b30/0, E_000001b7f41a8b30/1;
L_000001b7f41ec7e0 .concat [ 5 27 0 0], v000001b7f42d6d40_0, L_000001b7f41ed838;
L_000001b7f41ec600 .cmp/eq 32, L_000001b7f41ec7e0, L_000001b7f41ed880;
    .scope S_000001b7f42dbde0;
T_0 ;
    %wait E_000001b7f41a8b30;
    %load/vec4 v000001b7f42d6f20_0;
    %cmpi/e 0, 0, 1;
    %jmp/0xz  T_0.0, 4;
    %pushi/vec4 0, 0, 5;
    %assign/vec4 v000001b7f42d6d40_0, 0;
    %jmp T_0.1;
T_0.0 ;
    %load/vec4 v000001b7f42d6de0_0;
    %flag_set/vec4 8;
    %jmp/0xz  T_0.2, 8;
    %load/vec4 v000001b7f42d6e80_0;
    %flag_set/vec4 8;
    %jmp/0xz  T_0.4, 8;
    %pushi/vec4 0, 0, 5;
    %assign/vec4 v000001b7f42d6d40_0, 0;
    %jmp T_0.5;
T_0.4 ;
    %load/vec4 v000001b7f42d6d40_0;
    %addi 1, 0, 5;
    %assign/vec4 v000001b7f42d6d40_0, 0;
T_0.5 ;
    %jmp T_0.3;
T_0.2 ;
    %load/vec4 v000001b7f42d6d40_0;
    %assign/vec4 v000001b7f42d6d40_0, 0;
T_0.3 ;
T_0.1 ;
    %jmp T_0;
    .thread T_0;
    .scope S_000001b7f42dbc50;
T_1 ;
    %pushi/vec4 0, 0, 1;
    %store/vec4 v000001b7f42d6fc0_0, 0, 1;
    %pushi/vec4 0, 0, 1;
    %store/vec4 v000001b7f41a3eb0_0, 0, 1;
    %pushi/vec4 0, 0, 1;
    %store/vec4 v000001b7f42d7060_0, 0, 1;
    %end;
    .thread T_1;
    .scope S_000001b7f42dbc50;
T_2 ;
T_2.0 ;
    %delay 5000, 0;
    %load/vec4 v000001b7f42d6fc0_0;
    %inv;
    %store/vec4 v000001b7f42d6fc0_0, 0, 1;
    %jmp T_2.0;
    %end;
    .thread T_2;
    .scope S_000001b7f42dbc50;
T_3 ;
    %delay 20000, 0;
    %pushi/vec4 1, 0, 1;
    %store/vec4 v000001b7f41a3eb0_0, 0, 1;
    %end;
    .thread T_3;
    .scope S_000001b7f42dbc50;
T_4 ;
    %vpi_call 2 42 "$dumpfile", "counter.vcd" {0 0 0};
    %vpi_call 2 43 "$dumpvars" {0 0 0};
    %delay 20000, 0;
    %pushi/vec4 1, 0, 1;
    %store/vec4 v000001b7f42d7060_0, 0, 1;
    %delay 320000, 0;
    %vpi_call 2 47 "$finish" {0 0 0};
    %end;
    .thread T_4;
# The file index is used to find the file name in the following table.
:file_names 4;
    "N/A";
    "<interactive>";
    "tb_counter.v";
    "./counter.v";
